app/build/intermediates/manifest_merge_blame_file/debug/manifest-merger-blame-debug-report.txt
1<?xml version="1.0" encoding="utf-8"?>
2<manifest xmlns:android="http://schemas.android.com/apk/res/android"
3    package="com.example.flagsquizapp"
4    android:versionCode="1"
5    android:versionName="1.0" >
6
7    <uses-sdk
8        android:minSdkVersion="16"
8-->src\main\AndroidManifest.xml
9        android:targetSdkVersion="29" />
9-->src\main\AndroidManifest.xml
10
11    <application
11-->src\main\AndroidManifest.xml:5:5-39:19
12        android:allowBackup="true"
12-->src\main\AndroidManifest.xml:6:9-35
13        android:appComponentFactory="androidx.core.app.CoreComponentFactory"
13-->[androidx.core:core:1.3.0] AndroidManifest.xml:24:18-86
14        android:debuggable="true"
15        android:icon="@mipmap/ic_launcher"
15-->src\main\AndroidManifest.xml:7:9-43
16        android:label="@string/app_name"
16-->src\main\AndroidManifest.xml:8:9-41
17        android:roundIcon="@mipmap/ic_launcher_round"
17-->src\main\AndroidManifest.xml:9:9-54
18        android:supportsRtl="true"
18-->src\main\AndroidManifest.xml:10:9-35
19        android:testOnly="true"
20        android:theme="@style/AppTheme" >
20-->src\main\AndroidManifest.xml:11:9-40
21        <activity android:name="com.example.flagsquizapp.Wonders" />
21-->src\main\AndroidManifest.xml:12:9-54
21-->src\main\AndroidManifest.xml:12:19-42
22        <activity android:name="com.example.flagsquizapp.Capitals" />
22-->src\main\AndroidManifest.xml:13:9-46
22-->src\main\AndroidManifest.xml:13:19-43
23        <activity android:name="com.example.flagsquizapp.Flowers" />
23-->src\main\AndroidManifest.xml:14:9-45
23-->src\main\AndroidManifest.xml:14:19-42
24        <activity android:name="com.example.flagsquizapp.Spices" />
24-->src\main\AndroidManifest.xml:15:9-44
24-->src\main\AndroidManifest.xml:15:19-41
25        <activity android:name="com.example.flagsquizapp.Symbols" />
25-->src\main\AndroidManifest.xml:16:9-45
25-->src\main\AndroidManifest.xml:16:19-42
26        <activity android:name="com.example.flagsquizapp.Vehicles" />
26-->src\main\AndroidManifest.xml:17:9-46
26-->src\main\AndroidManifest.xml:17:19-43
27        <activity android:name="com.example.flagsquizapp.Sports" />
27-->src\main\AndroidManifest.xml:18:9-44
27-->src\main\AndroidManifest.xml:18:19-41
28        <activity android:name="com.example.flagsquizapp.Vegetables" />
28-->src\main\AndroidManifest.xml:19:9-48
28-->src\main\AndroidManifest.xml:19:19-45
29        <activity android:name="com.example.flagsquizapp.QuizTypes" />
29-->src\main\AndroidManifest.xml:20:9-47
29-->src\main\AndroidManifest.xml:20:19-44
30        <activity
30-->src\main\AndroidManifest.xml:21:9-24:55
31            android:name="com.example.flagsquizapp.ResultActivity"
31-->src\main\AndroidManifest.xml:22:13-43
32            android:screenOrientation="portrait"
32-->src\main\AndroidManifest.xml:23:13-49
33            android:theme="@style/NoActionBarTheme" />
33-->src\main\AndroidManifest.xml:24:13-52
34        <activity
34-->src\main\AndroidManifest.xml:25:9-27:52
35            android:name="com.example.flagsquizapp.QuizQuestionAcivity"
35-->src\main\AndroidManifest.xml:26:13-48
36            android:screenOrientation="portrait" />
36-->src\main\AndroidManifest.xml:27:13-49
37        <activity
37-->src\main\AndroidManifest.xml:28:9-38:20
38            android:name="com.example.flagsquizapp.MainActivity"
38-->src\main\AndroidManifest.xml:29:13-41
39            android:screenOrientation="portrait"
39-->src\main\AndroidManifest.xml:30:13-49
40            android:theme="@style/NoActionBarTheme"
40-->src\main\AndroidManifest.xml:31:13-52
41            android:windowSoftInputMode="adjustResize" >
41-->src\main\AndroidManifest.xml:32:13-55
42            <intent-filter>
42-->src\main\AndroidManifest.xml:33:13-37:29
43                <action android:name="android.intent.action.MAIN" />
43-->src\main\AndroidManifest.xml:34:17-69
43-->src\main\AndroidManifest.xml:34:25-66
44
45                <category android:name="android.intent.category.LAUNCHER" />
45-->src\main\AndroidManifest.xml:36:17-77
45-->src\main\AndroidManifest.xml:36:27-74
46            </intent-filter>
47        </activity>
48    </application>
49
50</manifest>